<?xml version="1.0" encoding="UTF-8"?>
<!-- Generated by org.testng.reporters.JUnitReportReporter -->
<testsuite hostname="LAPTOP-O7EPQTH1" failures="0" tests="1" name="CucumberOptions.TestNGTestRunner" time="6.981" errors="0" timestamp="2024-07-09T17:44:45 IST" skipped="0">
  <testcase classname="CucumberOptions.TestNGTestRunner" name="runScenario" time="6.981"/>
</testsuite> <!-- CucumberOptions.TestNGTestRunner -->
